2022-09-23 02:12:53,145 [DEBUG] Запрошены все посты
2022-09-23 02:22:02,835 [DEBUG] Запрошены все посты
2022-09-23 02:22:12,486 [DEBUG] Запрошены все посты
2022-09-23 02:22:16,503 [DEBUG] Запрошен пост {postid}
2022-09-23 02:22:21,488 [DEBUG] Обращение к несуществующему посту {postid}
2022-09-24 00:40:17,263 [DEBUG] Запрошен пост 1
2022-09-24 00:40:22,834 [DEBUG] Обращение к несуществующему посту 100
2022-09-24 00:40:22,835 [ERROR] Ошибка 404 Not Found: The requested URL was not found on the server. If you entered the URL manually please check your spelling and try again.
2022-09-24 00:41:21,792 [DEBUG] Обращение к несуществующему посту 100
2022-09-24 00:41:21,792 [ERROR] Ошибка 404 Not Found: The requested URL was not found on the server. If you entered the URL manually please check your spelling and try again.
2022-09-24 00:41:30,933 [DEBUG] Обращение к несуществующему посту 100
2022-09-24 00:41:30,934 [ERROR] Ошибка 404 Not Found: The requested URL was not found on the server. If you entered the URL manually please check your spelling and try again.
2022-09-24 00:41:37,355 [DEBUG] Запрошен пост 1
2022-09-24 00:41:42,927 [DEBUG] Запрошен пост 8
2022-09-24 00:41:46,351 [DEBUG] Обращение к несуществующему посту 10
2022-09-24 00:41:46,352 [ERROR] Ошибка 404 Not Found: The requested URL was not found on the server. If you entered the URL manually please check your spelling and try again.
2022-09-24 00:43:36,750 [DEBUG] Запрошены все посты
2022-09-24 00:46:23,665 [DEBUG] Обращение к несуществующему посту 80
2022-09-24 00:46:23,665 [ERROR] Ошибка 404 Not Found: The requested URL was not found on the server. If you entered the URL manually please check your spelling and try again.
2022-09-24 00:46:43,166 [DEBUG] Обращение к несуществующему посту 80
2022-09-24 00:46:43,167 [ERROR] Ошибка 404 Not Found: The requested URL was not found on the server. If you entered the URL manually please check your spelling and try again.
2022-09-24 00:49:17,436 [DEBUG] Обращение к несуществующему посту 80
2022-09-24 00:49:17,436 [ERROR] Ошибка 404 Not Found: The requested URL was not found on the server. If you entered the URL manually please check your spelling and try again.
